#
# There is insufficient memory for the Java Runtime Environment to continue.
# Native memory allocation (malloc) failed to allocate 725376 bytes for Chunk::new
# Possible reasons:
#   The system is out of physical RAM or swap space
#   The process is running with CompressedOops enabled, and the Java Heap may be blocking the growth of the native heap
# Possible solutions:
#   Reduce memory load on the system
#   Increase physical memory or swap space
#   Check if swap backing store is full
#   Decrease Java heap size (-Xmx/-Xms)
#   Decrease number of Java threads
#   Decrease Java thread stack sizes (-Xss)
#   Set larger code cache with -XX:ReservedCodeCacheSize=
#   JVM is running with Unscaled Compressed Oops mode in which the Java heap is
#     placed in the first 4GB address space. The Java Heap base address is the
#     maximum limit for the native heap growth. Please use -XX:HeapBaseMinAddress
#     to set the Java Heap base and to place the Java Heap above 4GB virtual address.
# This output file may be truncated or incomplete.
#
#  Out of Memory Error (allocation.cpp:389), pid=2252, tid=0x0000000000003cf4
#
# JRE version: Java(TM) SE Runtime Environment (8.0_231-b11) (build 1.8.0_231-b11)
# Java VM: Java HotSpot(TM) 64-Bit Server VM (25.231-b11 mixed mode windows-amd64 compressed oops)
# Failed to write core dump. Minidumps are not enabled by default on client versions of Windows
#

---------------  T H R E A D  ---------------

Current thread (0x0000000014308000):  JavaThread "C2 CompilerThread0" daemon [_thread_in_native, id=15604, stack(0x0000000015f80000,0x0000000016080000)]

Stack: [0x0000000015f80000,0x0000000016080000]
[error occurred during error reporting (printing stack bounds), id 0xc0000005]

Native frames: (J=compiled Java code, j=interpreted, Vv=VM code, C=native code)


Current CompileTask:
C2:   2679 2142   !   4       java.net.URLClassLoader$1::run (63 bytes)


---------------  P R O C E S S  ---------------

Java Threads: ( => current thread )
  0x00000000189f5000 JavaThread "Cache worker for execution history cache (C:\Users\Caleo\.gradle\caches\6.4.1\executionHistory)" [_thread_blocked, id=9732, stack(0x000000001e3d0000,0x000000001e4d0000)]
  0x0000000016181000 JavaThread "Cache worker for cache directory md-rule (C:\Users\Caleo\.gradle\caches\6.4.1\md-rule)" [_thread_blocked, id=10304, stack(0x000000001d060000,0x000000001d160000)]
  0x0000000016180800 JavaThread "Cache worker for cache directory md-supplier (C:\Users\Caleo\.gradle\caches\6.4.1\md-supplier)" [_thread_blocked, id=3236, stack(0x000000001cf60000,0x000000001d060000)]
  0x0000000016187000 JavaThread "Cache worker for checksums cache (C:\Users\Caleo\projects\player\.gradle\checksums)" [_thread_blocked, id=7192, stack(0x000000001ce60000,0x000000001cf60000)]
  0x0000000016186800 JavaThread "Cache worker for file hash cache (C:\Users\Caleo\projects\player\.gradle\6.4.1\fileHashes)" [_thread_blocked, id=7136, stack(0x000000001cd60000,0x000000001ce60000)]
  0x0000000016185800 JavaThread "File watcher consumer" daemon [_thread_blocked, id=10408, stack(0x000000001ba70000,0x000000001bb70000)]
  0x0000000016183800 JavaThread "Cache worker for file hash cache (C:\Users\Caleo\.gradle\caches\6.4.1\fileHashes)" [_thread_blocked, id=10212, stack(0x000000001a9a0000,0x000000001aaa0000)]
  0x0000000016185000 JavaThread "File lock request listener" [_thread_in_native, id=2644, stack(0x000000001a8a0000,0x000000001a9a0000)]
  0x0000000016182800 JavaThread "Cache worker for journal cache (C:\Users\Caleo\.gradle\caches\journal-1)" [_thread_blocked, id=1672, stack(0x000000001a7a0000,0x000000001a8a0000)]
  0x0000000018527000 JavaThread "Thread-9" [_thread_blocked, id=11212, stack(0x000000001a4a0000,0x000000001a5a0000)]
  0x000000001852b000 JavaThread "Stdin handler" [_thread_blocked, id=9484, stack(0x000000001a2a0000,0x000000001a3a0000)]
  0x0000000018538000 JavaThread "Asynchronous log dispatcher for DefaultDaemonConnection: socket connection from /127.0.0.1:53755 to /127.0.0.1:53756" [_thread_blocked, id=7232, stack(0x000000001a1a0000,0x000000001a2a0000)]
  0x0000000018470800 JavaThread "Daemon worker" [_thread_in_vm, id=3852, stack(0x000000001a0a0000,0x000000001a1a0000)]
  0x000000001846d800 JavaThread "Cancel handler" [_thread_blocked, id=8916, stack(0x0000000019fa0000,0x000000001a0a0000)]
  0x00000000183c4800 JavaThread "Handler for socket connection from /127.0.0.1:53755 to /127.0.0.1:53756" [_thread_in_native, id=3904, stack(0x0000000019ca0000,0x0000000019da0000)]
  0x0000000018679000 JavaThread "Daemon" [_thread_blocked, id=9352, stack(0x0000000019ba0000,0x0000000019ca0000)]
  0x0000000018539000 JavaThread "Daemon periodic checks" [_thread_blocked, id=4328, stack(0x0000000019aa0000,0x0000000019ba0000)]
  0x000000001848c800 JavaThread "Incoming local TCP Connector on port 53755" [_thread_in_native, id=13684, stack(0x0000000019860000,0x0000000019960000)]
  0x00000000183e9800 JavaThread "Daemon health stats" [_thread_blocked, id=7672, stack(0x0000000019020000,0x0000000019120000)]
  0x00000000161f7000 JavaThread "Service Thread" daemon [_thread_blocked, id=6932, stack(0x0000000016680000,0x0000000016780000)]
  0x0000000016184000 JavaThread "C1 CompilerThread2" daemon [_thread_blocked, id=10724, stack(0x0000000016580000,0x0000000016680000)]
  0x000000001430a000 JavaThread "C2 CompilerThread1" daemon [_thread_in_native, id=15424, stack(0x0000000016080000,0x0000000016180000)]
=>0x0000000014308000 JavaThread "C2 CompilerThread0" daemon [_thread_in_native, id=15604, stack(0x0000000015f80000,0x0000000016080000)]
  0x0000000014303800 JavaThread "Attach Listener" daemon [_thread_blocked, id=11668, stack(0x0000000015e80000,0x0000000015f80000)]
  0x0000000014301800 JavaThread "Signal Dispatcher" daemon [_thread_blocked, id=14128, stack(0x0000000015d80000,0x0000000015e80000)]
  0x00000000142ec000 JavaThread "Finalizer" daemon [_thread_blocked, id=11344, stack(0x0000000015b80000,0x0000000015c80000)]
  0x0000000002d44000 JavaThread "Reference Handler" daemon [_thread_blocked, id=14268, stack(0x0000000015a80000,0x0000000015b80000)]
  0x0000000002c52800 JavaThread "main" [_thread_blocked, id=16332, stack(0x0000000002aa0000,0x0000000002ba0000)]

Other Threads:
  0x00000000142c7800 VMThread [stack: 0x0000000015980000,0x0000000015a80000] [id=16076]
  0x0000000016225800 WatcherThread [stack: 0x0000000016780000,0x0000000016880000] [id=12888]

VM state:not at safepoint (normal execution)

VM Mutex/Monitor currently owned by a thread: None

heap address: 0x00000000e0000000, size: 512 MB, Compressed Oops mode: 32-bit
Narrow klass base: 0x0000000000000000, Narrow klass shift: 3
Compressed class space size: 1073741824 Address: 0x0000000100000000

Heap:
 PSYoungGen      total 76288K, used 57533K [0x00000000f5580000, 0x00000000faa80000, 0x0000000100000000)
  eden space 65536K, 87% used [0x00000000f5580000,0x00000000f8daf478,0x00000000f9580000)
  from space 10752K, 0% used [0x00000000fa000000,0x00000000fa000000,0x00000000faa80000)
  to   space 10752K, 0% used [0x00000000f9580000,0x00000000f9580000,0x00000000fa000000)
 ParOldGen       total 175104K, used 6850K [0x00000000e0000000, 0x00000000eab00000, 0x00000000f5580000)
  object space 175104K, 3% used [0x00000000e0000000,0x00000000e06b0ab0,0x00000000eab00000)
 Metaspace       used 28065K, capacity 28742K, committed 29056K, reserved 1081344K
  class space    used 3958K, capacity 4174K, committed 4224K, reserved 1048576K

Card table byte_map: [0x0000000012110000,0x0000000012220000] byte_map_base: 0x0000000011a10000

Marking Bits: (ParMarkBitMap*) 0x0000000064136d90
 Begin Bits: [0x0000000012820000, 0x0000000013020000)
 End Bits:   [0x0000000013020000, 0x0000000013820000)

Polling page: 0x00000000029a0000

CodeCache: size=245760Kb used=7463Kb max_used=7463Kb free=238296Kb
 bounds [0x0000000002d50000, 0x00000000034a0000, 0x0000000011d50000]
 total_blobs=2606 nmethods=2163 adapters=354
 compilation: disabled (not enough contiguous free space left)

Compilation events (10 events):
Event: 2.660 Thread 0x0000000016184000 2165       3       java.lang.Throwable::<init> (34 bytes)
Event: 2.660 Thread 0x0000000016184000 nmethod 2165 0x000000000348cf50 code [0x000000000348d0c0, 0x000000000348d3a8]
Event: 2.660 Thread 0x0000000016184000 2166       3       java.lang.Exception::<init> (6 bytes)
Event: 2.661 Thread 0x0000000016184000 nmethod 2166 0x000000000349b090 code [0x000000000349b200, 0x000000000349b548]
Event: 2.661 Thread 0x0000000016184000 2167       3       java.lang.ReflectiveOperationException::<init> (6 bytes)
Event: 2.661 Thread 0x0000000016184000 nmethod 2167 0x000000000349b650 code [0x000000000349b7c0, 0x000000000349b9a8]
Event: 2.661 Thread 0x0000000016184000 2168       3       org.codehaus.groovy.reflection.stdclasses.CachedSAMClass::getAbstractMethods (122 bytes)
Event: 2.662 Thread 0x0000000016184000 nmethod 2168 0x000000000349ba90 code [0x000000000349bcc0, 0x000000000349ca88]
Event: 2.662 Thread 0x0000000016184000 2169       3       org.codehaus.groovy.reflection.CachedClass::<init> (247 bytes)
Event: 2.664 Thread 0x0000000016184000 


GC Heap History (10 events):
Event: 0.842 GC heap before
{Heap before GC invocations=1 (full 0):
 PSYoungGen      total 76288K, used 65536K [0x00000000f5580000, 0x00000000faa80000, 0x0000000100000000)
  eden space 65536K, 100% used [0x00000000f5580000,0x00000000f9580000,0x00000000f9580000)
  from space 10752K, 0% used [0x00000000fa000000,0x00000000fa000000,0x00000000faa80000)
  to   space 10752K, 0% used [0x00000000f9580000,0x00000000f9580000,0x00000000fa000000)
 ParOldGen       total 175104K, used 0K [0x00000000e0000000, 0x00000000eab00000, 0x00000000f5580000)
  object space 175104K, 0% used [0x00000000e0000000,0x00000000e0000000,0x00000000eab00000)
 Metaspace       used 7409K, capacity 7654K, committed 7808K, reserved 1056768K
  class space    used 944K, capacity 1045K, committed 1152K, reserved 1048576K
Event: 0.846 GC heap after
Heap after GC invocations=1 (full 0):
 PSYoungGen      total 76288K, used 5840K [0x00000000f5580000, 0x00000000faa80000, 0x0000000100000000)
  eden space 65536K, 0% used [0x00000000f5580000,0x00000000f5580000,0x00000000f9580000)
  from space 10752K, 54% used [0x00000000f9580000,0x00000000f9b34030,0x00000000fa000000)
  to   space 10752K, 0% used [0x00000000fa000000,0x00000000fa000000,0x00000000faa80000)
 ParOldGen       total 175104K, used 16K [0x00000000e0000000, 0x00000000eab00000, 0x00000000f5580000)
  object space 175104K, 0% used [0x00000000e0000000,0x00000000e0004000,0x00000000eab00000)
 Metaspace       used 7409K, capacity 7654K, committed 7808K, reserved 1056768K
  class space    used 944K, capacity 1045K, committed 1152K, reserved 1048576K
}
Event: 1.524 GC heap before
{Heap before GC invocations=2 (full 0):
 PSYoungGen      total 76288K, used 71376K [0x00000000f5580000, 0x00000000faa80000, 0x0000000100000000)
  eden space 65536K, 100% used [0x00000000f5580000,0x00000000f9580000,0x00000000f9580000)
  from space 10752K, 54% used [0x00000000f9580000,0x00000000f9b34030,0x00000000fa000000)
  to   space 10752K, 0% used [0x00000000fa000000,0x00000000fa000000,0x00000000faa80000)
 ParOldGen       total 175104K, used 16K [0x00000000e0000000, 0x00000000eab00000, 0x00000000f5580000)
  object space 175104K, 0% used [0x00000000e0000000,0x00000000e0004000,0x00000000eab00000)
 Metaspace       used 15146K, capacity 15506K, committed 15616K, reserved 1062912K
  class space    used 2063K, capacity 2227K, committed 2304K, reserved 1048576K
Event: 1.531 GC heap after
Heap after GC invocations=2 (full 0):
 PSYoungGen      total 76288K, used 9549K [0x00000000f5580000, 0x00000000faa80000, 0x0000000100000000)
  eden space 65536K, 0% used [0x00000000f5580000,0x00000000f5580000,0x00000000f9580000)
  from space 10752K, 88% used [0x00000000fa000000,0x00000000fa953740,0x00000000faa80000)
  to   space 10752K, 0% used [0x00000000f9580000,0x00000000f9580000,0x00000000fa000000)
 ParOldGen       total 175104K, used 24K [0x00000000e0000000, 0x00000000eab00000, 0x00000000f5580000)
  object space 175104K, 0% used [0x00000000e0000000,0x00000000e0006000,0x00000000eab00000)
 Metaspace       used 15146K, capacity 15506K, committed 15616K, reserved 1062912K
  class space    used 2063K, capacity 2227K, committed 2304K, reserved 1048576K
}
Event: 2.021 GC heap before
{Heap before GC invocations=3 (full 0):
 PSYoungGen      total 76288K, used 75085K [0x00000000f5580000, 0x00000000faa80000, 0x0000000100000000)
  eden space 65536K, 100% used [0x00000000f5580000,0x00000000f9580000,0x00000000f9580000)
  from space 10752K, 88% used [0x00000000fa000000,0x00000000fa953740,0x00000000faa80000)
  to   space 10752K, 0% used [0x00000000f9580000,0x00000000f9580000,0x00000000fa000000)
 ParOldGen       total 175104K, used 24K [0x00000000e0000000, 0x00000000eab00000, 0x00000000f5580000)
  object space 175104K, 0% used [0x00000000e0000000,0x00000000e0006000,0x00000000eab00000)
 Metaspace       used 20311K, capacity 20866K, committed 21120K, reserved 1067008K
  class space    used 2911K, capacity 3087K, committed 3200K, reserved 1048576K
Event: 2.032 GC heap after
Heap after GC invocations=3 (full 0):
 PSYoungGen      total 76288K, used 10732K [0x00000000f5580000, 0x00000000faa80000, 0x0000000100000000)
  eden space 65536K, 0% used [0x00000000f5580000,0x00000000f5580000,0x00000000f9580000)
  from space 10752K, 99% used [0x00000000f9580000,0x00000000f9ffb268,0x00000000fa000000)
  to   space 10752K, 0% used [0x00000000fa000000,0x00000000fa000000,0x00000000faa80000)
 ParOldGen       total 175104K, used 638K [0x00000000e0000000, 0x00000000eab00000, 0x00000000f5580000)
  object space 175104K, 0% used [0x00000000e0000000,0x00000000e009f880,0x00000000eab00000)
 Metaspace       used 20311K, capacity 20866K, committed 21120K, reserved 1067008K
  class space    used 2911K, capacity 3087K, committed 3200K, reserved 1048576K
}
Event: 2.083 GC heap before
{Heap before GC invocations=4 (full 0):
 PSYoungGen      total 76288K, used 18137K [0x00000000f5580000, 0x00000000faa80000, 0x0000000100000000)
  eden space 65536K, 11% used [0x00000000f5580000,0x00000000f5cbb2e8,0x00000000f9580000)
  from space 10752K, 99% used [0x00000000f9580000,0x00000000f9ffb268,0x00000000fa000000)
  to   space 10752K, 0% used [0x00000000fa000000,0x00000000fa000000,0x00000000faa80000)
 ParOldGen       total 175104K, used 638K [0x00000000e0000000, 0x00000000eab00000, 0x00000000f5580000)
  object space 175104K, 0% used [0x00000000e0000000,0x00000000e009f880,0x00000000eab00000)
 Metaspace       used 20658K, capacity 21198K, committed 21296K, reserved 1067008K
  class space    used 2974K, capacity 3129K, committed 3200K, reserved 1048576K
Event: 2.088 GC heap after
Heap after GC invocations=4 (full 0):
 PSYoungGen      total 76288K, used 7024K [0x00000000f5580000, 0x00000000faa80000, 0x0000000100000000)
  eden space 65536K, 0% used [0x00000000f5580000,0x00000000f5580000,0x00000000f9580000)
  from space 10752K, 65% used [0x00000000fa000000,0x00000000fa6dc060,0x00000000faa80000)
  to   space 10752K, 0% used [0x00000000f9580000,0x00000000f9580000,0x00000000fa000000)
 ParOldGen       total 175104K, used 646K [0x00000000e0000000, 0x00000000eab00000, 0x00000000f5580000)
  object space 175104K, 0% used [0x00000000e0000000,0x00000000e00a1880,0x00000000eab00000)
 Metaspace       used 20658K, capacity 21198K, committed 21296K, reserved 1067008K
  class space    used 2974K, capacity 3129K, committed 3200K, reserved 1048576K
}
Event: 2.088 GC heap before
{Heap before GC invocations=5 (full 1):
 PSYoungGen      total 76288K, used 7024K [0x00000000f5580000, 0x00000000faa80000, 0x0000000100000000)
  eden space 65536K, 0% used [0x00000000f5580000,0x00000000f5580000,0x00000000f9580000)
  from space 10752K, 65% used [0x00000000fa000000,0x00000000fa6dc060,0x00000000faa80000)
  to   space 10752K, 0% used [0x00000000f9580000,0x00000000f9580000,0x00000000fa000000)
 ParOldGen       total 175104K, used 646K [0x00000000e0000000, 0x00000000eab00000, 0x00000000f5580000)
  object space 175104K, 0% used [0x00000000e0000000,0x00000000e00a1880,0x00000000eab00000)
 Metaspace       used 20658K, capacity 21198K, committed 21296K, reserved 1067008K
  class space    used 2974K, capacity 3129K, committed 3200K, reserved 1048576K
Event: 2.135 GC heap after
Heap after GC invocations=5 (full 1):
 PSYoungGen      total 76288K, used 0K [0x00000000f5580000, 0x00000000faa80000, 0x0000000100000000)
  eden space 65536K, 0% used [0x00000000f5580000,0x00000000f5580000,0x00000000f9580000)
  from space 10752K, 0% used [0x00000000fa000000,0x00000000fa000000,0x00000000faa80000)
  to   space 10752K, 0% used [0x00000000f9580000,0x00000000f9580000,0x00000000fa000000)
 ParOldGen       total 175104K, used 6850K [0x00000000e0000000, 0x00000000eab00000, 0x00000000f5580000)
  object space 175104K, 3% used [0x00000000e0000000,0x00000000e06b0ab0,0x00000000eab00000)
 Metaspace       used 20658K, capacity 21198K, committed 21296K, reserved 1067008K
  class space    used 2974K, capacity 3129K, committed 3200K, reserved 1048576K
}

Deoptimization events (10 events):
Event: 2.416 Thread 0x0000000018470800 Uncommon trap: reason=class_check action=maybe_recompile pc=0x00000000031ca568 method=java.io.BufferedInputStream.read([BII)I @ 101
Event: 2.416 Thread 0x0000000018470800 Uncommon trap: reason=class_check action=maybe_recompile pc=0x00000000031ca568 method=java.io.BufferedInputStream.read([BII)I @ 101
Event: 2.417 Thread 0x0000000018470800 Uncommon trap: reason=class_check action=maybe_recompile pc=0x00000000031ca568 method=java.io.BufferedInputStream.read([BII)I @ 101
Event: 2.649 Thread 0x0000000018470800 Uncommon trap: reason=class_check action=maybe_recompile pc=0x0000000003446484 method=sun.misc.URLClassPath.getLoader(I)Lsun/misc/URLClassPath$Loader; @ 94
Event: 2.649 Thread 0x0000000018470800 Uncommon trap: reason=class_check action=maybe_recompile pc=0x00000000032e83c0 method=sun.misc.URLClassPath.getResource(Ljava/lang/String;Z)Lsun/misc/Resource; @ 62
Event: 2.649 Thread 0x0000000018470800 Uncommon trap: reason=unstable_if action=reinterpret pc=0x0000000003422e90 method=java.lang.String.regionMatches(ZILjava/lang/String;II)Z @ 41
Event: 2.651 Thread 0x0000000018470800 Uncommon trap: reason=unstable_if action=reinterpret pc=0x000000000322a1d8 method=java.lang.ClassLoader.getClassLoadingLock(Ljava/lang/String;)Ljava/lang/Object; @ 6
Event: 2.663 Thread 0x0000000018470800 Uncommon trap: reason=class_check action=maybe_recompile pc=0x00000000034467b0 method=sun.misc.URLClassPath.getLoader(I)Lsun/misc/URLClassPath$Loader; @ 239
Event: 2.663 Thread 0x0000000018470800 Uncommon trap: reason=unstable_if action=reinterpret pc=0x00000000032200f8 method=java.lang.String.regionMatches(ZILjava/lang/String;II)Z @ 41
Event: 2.670 Thread 0x0000000018470800 Uncommon trap: reason=class_check action=maybe_recompile pc=0x00000000034467b0 method=sun.misc.URLClassPath.getLoader(I)Lsun/misc/URLClassPath$Loader; @ 239

Classes redefined (0 events):
No events

Internal exceptions (10 events):
Event: 2.665 Thread 0x0000000018470800 Exception <a 'java/lang/ClassNotFoundException': org/gradle/groovy/scripts/BasicScriptBeanInfo> (0x00000000f8ae5dc0) thrown at [C:\re\workspace\8-2-build-windows-amd64-cygwin\jdk8u231\13620\hotspot\src\share\vm\classfile\systemDictionary.cpp, line 210]
Event: 2.665 Thread 0x0000000018470800 Exception <a 'java/lang/ClassNotFoundException': org/gradle/groovy/scripts/ScriptBeanInfo> (0x00000000f8afb3b8) thrown at [C:\re\workspace\8-2-build-windows-amd64-cygwin\jdk8u231\13620\hotspot\src\share\vm\classfile\systemDictionary.cpp, line 210]
Event: 2.665 Thread 0x0000000018470800 Exception <a 'java/lang/ClassNotFoundException': groovy/lang/ScriptBeanInfo> (0x00000000f8b0c098) thrown at [C:\re\workspace\8-2-build-windows-amd64-cygwin\jdk8u231\13620\hotspot\src\share\vm\classfile\systemDictionary.cpp, line 210]
Event: 2.665 Thread 0x0000000018470800 Exception <a 'java/lang/ClassNotFoundException': groovy/lang/ScriptCustomizer> (0x00000000f8b1de88) thrown at [C:\re\workspace\8-2-build-windows-amd64-cygwin\jdk8u231\13620\hotspot\src\share\vm\classfile\systemDictionary.cpp, line 210]
Event: 2.666 Thread 0x0000000018470800 Exception <a 'java/lang/ClassNotFoundException': org/gradle/groovy/scripts/ScriptCustomizer> (0x00000000f8b3d110) thrown at [C:\re\workspace\8-2-build-windows-amd64-cygwin\jdk8u231\13620\hotspot\src\share\vm\classfile\systemDictionary.cpp, line 210]
Event: 2.666 Thread 0x0000000018470800 Exception <a 'java/lang/ClassNotFoundException': org/gradle/groovy/scripts/BasicScriptCustomizer> (0x00000000f8b5d210) thrown at [C:\re\workspace\8-2-build-windows-amd64-cygwin\jdk8u231\13620\hotspot\src\share\vm\classfile\systemDictionary.cpp, line 210]
Event: 2.667 Thread 0x0000000018470800 Exception <a 'java/lang/ClassNotFoundException': org/gradle/groovy/scripts/DefaultScriptCustomizer> (0x00000000f8b82aa0) thrown at [C:\re\workspace\8-2-build-windows-amd64-cygwin\jdk8u231\13620\hotspot\src\share\vm\classfile\systemDictionary.cpp, line 210
Event: 2.669 Thread 0x0000000018470800 Exception <a 'java/lang/ClassNotFoundException': org/gradle/plugin/use/internal/PluginsAwareScriptCustomizer> (0x00000000f8be1810) thrown at [C:\re\workspace\8-2-build-windows-amd64-cygwin\jdk8u231\13620\hotspot\src\share\vm\classfile\systemDictionary.cpp
Event: 2.669 Thread 0x0000000018470800 Exception <a 'java/lang/ClassNotFoundException': org/gradle/initialization/SettingsScriptCustomizer> (0x00000000f8c01800) thrown at [C:\re\workspace\8-2-build-windows-amd64-cygwin\jdk8u231\13620\hotspot\src\share\vm\classfile\systemDictionary.cpp, line 21
Event: 2.670 Thread 0x0000000018470800 Exception <a 'java/lang/ClassNotFoundException': settings_6pxu7ftlygdaoumkufnqmxrg7Customizer> (0x00000000f8c16990) thrown at [C:\re\workspace\8-2-build-windows-amd64-cygwin\jdk8u231\13620\hotspot\src\share\vm\classfile\systemDictionary.cpp, line 210]

Events (10 events):
Event: 2.677 loading class org/gradle/process/internal/JavaForkOptionsInternal
Event: 2.677 loading class org/gradle/process/internal/JavaForkOptionsInternal done
Event: 2.677 loading class org/gradle/process/internal/ExecHandleBuilder
Event: 2.677 loading class org/gradle/process/internal/ExecHandleBuilder done
Event: 2.677 loading class org/gradle/process/internal/JavaExecAction
Event: 2.677 loading class org/gradle/process/internal/JavaExecAction done
Event: 2.677 loading class org/gradle/api/internal/model/InstantiatorBackedObjectFactory
Event: 2.677 loading class org/gradle/api/internal/model/InstantiatorBackedObjectFactory done
Event: 2.678 loading class org/gradle/cache/internal/DefaultFileContentCacheFactory
Event: 2.678 loading class org/gradle/cache/internal/DefaultFileContentCacheFactory done


Dynamic libraries:
0x00007ff7b0070000 - 0x00007ff7b00a7000 	C:\Program Files\Java\jdk1.8.0_231\bin\java.exe
0x00007ffb20e20000 - 0x00007ffb21010000 	C:\Windows\SYSTEM32\ntdll.dll
0x00007ffb20a30000 - 0x00007ffb20ae2000 	C:\Windows\System32\KERNEL32.DLL
0x00007ffb1ddb0000 - 0x00007ffb1e054000 	C:\Windows\System32\KERNELBASE.dll
0x00007ffb1efb0000 - 0x00007ffb1f053000 	C:\Windows\System32\ADVAPI32.dll
0x00007ffb20cd0000 - 0x00007ffb20d6e000 	C:\Windows\System32\msvcrt.dll
0x00007ffb20c30000 - 0x00007ffb20cc7000 	C:\Windows\System32\sechost.dll
0x00007ffb1f9e0000 - 0x00007ffb1fb00000 	C:\Windows\System32\RPCRT4.dll
0x00007ffb20140000 - 0x00007ffb202d4000 	C:\Windows\System32\USER32.dll
0x00007ffb1e5b0000 - 0x00007ffb1e5d1000 	C:\Windows\System32\win32u.dll
0x00007ffb1f190000 - 0x00007ffb1f1b6000 	C:\Windows\System32\GDI32.dll
0x00007ffb1e260000 - 0x00007ffb1e3f5000 	C:\Windows\System32\gdi32full.dll
0x00007ffb1e160000 - 0x00007ffb1e1fe000 	C:\Windows\System32\msvcp_win.dll
0x00007ffb1e400000 - 0x00007ffb1e4fa000 	C:\Windows\System32\ucrtbase.dll
0x00007ffb10da0000 - 0x00007ffb11024000 	C:\Windows\WinSxS\amd64_microsoft.windows.common-controls_6595b64144ccf1df_6.0.18362.900_none_e6beb9d913147d17\COMCTL32.dll
0x00007ffb1fc90000 - 0x00007ffb1ffc5000 	C:\Windows\System32\combase.dll
0x00007ffb1e060000 - 0x00007ffb1e0e0000 	C:\Windows\System32\bcryptPrimitives.dll
0x00007ffb1f140000 - 0x00007ffb1f16e000 	C:\Windows\System32\IMM32.DLL
0x00000000641c0000 - 0x0000000064292000 	C:\Program Files\Java\jdk1.8.0_231\jre\bin\msvcr100.dll
0x0000000063910000 - 0x00000000641b6000 	C:\Program Files\Java\jdk1.8.0_231\jre\bin\server\jvm.dll
0x00007ffb20a20000 - 0x00007ffb20a28000 	C:\Windows\System32\PSAPI.DLL
0x00007ffb0e500000 - 0x00007ffb0e509000 	C:\Windows\SYSTEM32\WSOCK32.dll
0x00007ffb1bc80000 - 0x00007ffb1bca4000 	C:\Windows\SYSTEM32\WINMM.dll
0x00007ffb209b0000 - 0x00007ffb20a1f000 	C:\Windows\System32\WS2_32.dll
0x00007ffb1bc50000 - 0x00007ffb1bc7d000 	C:\Windows\SYSTEM32\WINMMBASE.dll
0x00007ffb18f20000 - 0x00007ffb18f2a000 	C:\Windows\SYSTEM32\VERSION.dll
0x00007ffb1e0e0000 - 0x00007ffb1e12a000 	C:\Windows\System32\cfgmgr32.dll
0x00007ffb0b5c0000 - 0x00007ffb0b5cf000 	C:\Program Files\Java\jdk1.8.0_231\jre\bin\verify.dll
0x00007ffb08a30000 - 0x00007ffb08a59000 	C:\Program Files\Java\jdk1.8.0_231\jre\bin\java.dll
0x00007ffb0b140000 - 0x00007ffb0b156000 	C:\Program Files\Java\jdk1.8.0_231\jre\bin\zip.dll
0x00007ffb1f2f0000 - 0x00007ffb1f9d6000 	C:\Windows\System32\SHELL32.dll
0x00007ffb202e0000 - 0x00007ffb20389000 	C:\Windows\System32\shcore.dll
0x00007ffb1e730000 - 0x00007ffb1eeb0000 	C:\Windows\System32\windows.storage.dll
0x00007ffb1dd30000 - 0x00007ffb1dd53000 	C:\Windows\System32\profapi.dll
0x00007ffb1dd60000 - 0x00007ffb1ddaa000 	C:\Windows\System32\powrprof.dll
0x00007ffb1dce0000 - 0x00007ffb1dcf0000 	C:\Windows\System32\UMPDC.dll
0x00007ffb1f290000 - 0x00007ffb1f2e2000 	C:\Windows\System32\shlwapi.dll
0x00007ffb1dcf0000 - 0x00007ffb1dd01000 	C:\Windows\System32\kernel.appcore.dll
0x00007ffb1eeb0000 - 0x00007ffb1eec7000 	C:\Windows\System32\cryptsp.dll
0x00007ffb084e0000 - 0x00007ffb084fa000 	C:\Program Files\Java\jdk1.8.0_231\jre\bin\net.dll
0x00007ffb1d550000 - 0x00007ffb1d5b7000 	C:\Windows\system32\mswsock.dll
0x00007ffb08490000 - 0x00007ffb084a2000 	C:\Program Files\Java\jdk1.8.0_231\jre\bin\nio.dll
0x00007ffb08460000 - 0x00007ffb08487000 	C:\Users\Caleo\.gradle\native\481b90ef2c2b5ab96622bab5346fdaaafe5c91895d4d4de1c4fe4b2e89a8011f\windows-amd64\native-platform.dll
0x00007ffb08450000 - 0x00007ffb0845d000 	C:\Program Files\Java\jdk1.8.0_231\jre\bin\management.dll
0x00007ffb1d060000 - 0x00007ffb1d093000 	C:\Windows\system32\rsaenh.dll
0x00007ffb1e130000 - 0x00007ffb1e156000 	C:\Windows\System32\bcrypt.dll
0x00007ffb1dc00000 - 0x00007ffb1dc25000 	C:\Windows\SYSTEM32\USERENV.dll
0x00007ffb1d720000 - 0x00007ffb1d72c000 	C:\Windows\SYSTEM32\CRYPTBASE.dll
0x00007ffb1d200000 - 0x00007ffb1d23a000 	C:\Windows\SYSTEM32\IPHLPAPI.DLL
0x00007ffb20130000 - 0x00007ffb20138000 	C:\Windows\System32\NSI.dll
0x00007ffb18e70000 - 0x00007ffb18e86000 	C:\Windows\SYSTEM32\dhcpcsvc6.DLL
0x00007ffb18e50000 - 0x00007ffb18e6c000 	C:\Windows\SYSTEM32\dhcpcsvc.DLL
0x00007ffb1d2a0000 - 0x00007ffb1d36b000 	C:\Windows\SYSTEM32\DNSAPI.dll
0x00007ffb18e90000 - 0x00007ffb18e9b000 	C:\Windows\SYSTEM32\WINNSI.DLL

VM Arguments:
jvm_args: -XX:MaxMetaspaceSize=256m -XX:+HeapDumpOnOutOfMemoryError -Xms256m -Xmx512m -Dfile.encoding=windows-1252 -Duser.country=US -Duser.language=en -Duser.variant 
java_command: org.gradle.launcher.daemon.bootstrap.GradleDaemon 6.4.1
java_class_path (initial): C:\Users\Caleo\.gradle\wrapper\dists\gradle-6.4.1-all\13imxtezgn9nwzqt8rgtkunh1\gradle-6.4.1\lib\gradle-launcher-6.4.1.jar
Launcher Type: SUN_STANDARD

Environment Variables:
JAVA_HOME=C:\Program Files\Java\jdk1.8.0_231
PATH=C:\Users\Caleo\bin;C:\Program Files\Git\mingw64\bin;C:\Program Files\Git\usr\local\bin;C:\Program Files\Git\usr\bin;C:\Program Files\Git\usr\bin;C:\Program Files\Git\mingw64\bin;C:\Program Files\Git\usr\bin;C:\Users\Caleo\bin;C:\Windows\system32;C:\Windows;C:\Windows\System32\Wbem;C:\Windows\System32\WindowsPowerShell\v1.0;C:\Windows\System32\OpenSSH;C:\Program Files\NVIDIA Corporation\NVIDIA NvDLISR;C:\Program Files (x86)\NVIDIA Corporation\PhysX\Common;C:\Program Files\apache-maven-3.6.3\bin;C:\Program Files\Java\jdk1.8.0_231\bin;C:\Program Files\Git\cmd;C:\Program Files (x86)\Intel\Intel(R) Management Engine Components\DAL;C:\Program Files\Intel\Intel(R) Management Engine Components\DAL;C:\Users\Caleo\AppData\Local\Microsoft\WindowsApps;C:\Program Files\Git\usr\bin\vendor_perl;C:\Program Files\Git\usr\bin\core_perl
USERNAME=Caleo
SHELL=C:\Program Files\Git\usr\bin\bash.exe
DISPLAY=needs-to-be-defined
OS=Windows_NT
PROCESSOR_IDENTIFIER=Intel64 Family 6 Model 158 Stepping 10, GenuineIntel



---------------  S Y S T E M  ---------------

OS: Windows 10.0 , 64 bit Build 18362 (10.0.18362.900)

CPU:total 6 (initial active 6) (6 cores per cpu, 1 threads per core) family 6 model 158 stepping 10, cmov, cx8, fxsr, mmx, sse, sse2, sse3, ssse3, sse4.1, sse4.2, popcnt, avx, avx2, aes, clmul, erms, 3dnowpref, lzcnt, tsc, tscinvbit, bmi1, bmi2, adx

Memory: 4k page, physical 16708744k(637976k free), swap 31278372k(24k free)

vm_info: Java HotSpot(TM) 64-Bit Server VM (25.231-b11) for windows-amd64 JRE (1.8.0_231-b11), built on Oct  5 2019 03:11:30 by "java_re" with MS VC++ 10.0 (VS2010)

time: Thu Jun 18 14:21:48 2020
timezone: W. Europe Daylight Time
elapsed time: 2 seconds (0d 0h 0m 2s)

